2021-02-04 03:29:51,823, DEBUG, root, Бот успешно запущен. Наверное...
2021-02-04 03:29:52,061, DEBUG, telegram.bot, Entering: send_message
2021-02-04 03:29:52,061, DEBUG, telegram.vendor.ptb_urllib3.urllib3.connectionpool, Starting new HTTPS connection (1): api.telegram.org
2021-02-04 03:29:52,270, DEBUG, telegram.vendor.ptb_urllib3.urllib3.connectionpool, https://api.telegram.org:443 "POST /bot1606425963:AAFIk3SB7DpwHFXc2ZTwF30ejEG_xBOQjLM/sendMessage HTTP/1.1" 200 727
2021-02-04 03:29:52,270, DEBUG, telegram.bot, {'message_id': 52, 'date': 1612398609, 'chat': {'id': 350654732, 'type': 'private', 'first_name': 'Oleg', 'last_name': 'Pronkin'}, 'text': 'У вас проверили работу "Fastex007__api_01_sms.zip"!\n\nРевьюеру всё понравилось, можно приступать к следующему уроку.', 'entities': [], 'caption_entities': [], 'photo': [], 'new_chat_members': [], 'new_chat_photo': [], 'delete_chat_photo': False, 'group_chat_created': False, 'supergroup_chat_created': False, 'channel_chat_created': False, 'from': {'id': 1606425963, 'first_name': 'OlegPronkin_bot', 'is_bot': True, 'username': 'OlegPronkin_bot'}}
2021-02-04 03:29:52,271, DEBUG, telegram.bot, Exiting: send_message
2021-02-04 03:29:52,271, INFO, root, Сообщение отправлено >>> У вас проверили работу "Fastex007__api_01_sms.zip"!

Ревьюеру всё понравилось, можно приступать к следующему уроку.
2021-02-04 03:29:57,452, DEBUG, telegram.bot, Entering: send_message
2021-02-04 03:29:57,527, DEBUG, telegram.vendor.ptb_urllib3.urllib3.connectionpool, https://api.telegram.org:443 "POST /bot1606425963:AAFIk3SB7DpwHFXc2ZTwF30ejEG_xBOQjLM/sendMessage HTTP/1.1" 200 727
2021-02-04 03:29:57,528, DEBUG, telegram.bot, {'message_id': 53, 'date': 1612398614, 'chat': {'id': 350654732, 'type': 'private', 'first_name': 'Oleg', 'last_name': 'Pronkin'}, 'text': 'У вас проверили работу "Fastex007__api_01_sms.zip"!\n\nРевьюеру всё понравилось, можно приступать к следующему уроку.', 'entities': [], 'caption_entities': [], 'photo': [], 'new_chat_members': [], 'new_chat_photo': [], 'delete_chat_photo': False, 'group_chat_created': False, 'supergroup_chat_created': False, 'channel_chat_created': False, 'from': {'id': 1606425963, 'first_name': 'OlegPronkin_bot', 'is_bot': True, 'username': 'OlegPronkin_bot'}}
2021-02-04 03:29:57,528, DEBUG, telegram.bot, Exiting: send_message
2021-02-04 03:29:57,528, INFO, root, Сообщение отправлено >>> У вас проверили работу "Fastex007__api_01_sms.zip"!

Ревьюеру всё понравилось, можно приступать к следующему уроку.
2021-02-04 03:30:02,729, DEBUG, telegram.bot, Entering: send_message
2021-02-04 03:30:02,795, DEBUG, telegram.vendor.ptb_urllib3.urllib3.connectionpool, https://api.telegram.org:443 "POST /bot1606425963:AAFIk3SB7DpwHFXc2ZTwF30ejEG_xBOQjLM/sendMessage HTTP/1.1" 200 727
2021-02-04 03:30:02,795, DEBUG, telegram.bot, {'message_id': 54, 'date': 1612398619, 'chat': {'id': 350654732, 'type': 'private', 'first_name': 'Oleg', 'last_name': 'Pronkin'}, 'text': 'У вас проверили работу "Fastex007__api_01_sms.zip"!\n\nРевьюеру всё понравилось, можно приступать к следующему уроку.', 'entities': [], 'caption_entities': [], 'photo': [], 'new_chat_members': [], 'new_chat_photo': [], 'delete_chat_photo': False, 'group_chat_created': False, 'supergroup_chat_created': False, 'channel_chat_created': False, 'from': {'id': 1606425963, 'first_name': 'OlegPronkin_bot', 'is_bot': True, 'username': 'OlegPronkin_bot'}}
2021-02-04 03:30:02,795, DEBUG, telegram.bot, Exiting: send_message
2021-02-04 03:30:02,796, INFO, root, Сообщение отправлено >>> У вас проверили работу "Fastex007__api_01_sms.zip"!

Ревьюеру всё понравилось, можно приступать к следующему уроку.
